ipv4: 10.23.48.12
mac: 78:7b:8a:d4:64:4b
2019/09/22 18:52:04 Using standard inputs
Down:236.4KB/s
Up:871.8KB/s
Down:0.0KB/s
Up:331.8KB/s
ipv4: 10.23.48.12
mac: 78:7b:8a:d4:64:4b
2019/09/22 18:52:11 Using standard inputs
Down:120.0KB/s
Up:759.9KB/s
Down:0.0KB/s
Up:119.0KB/s
Down:474.0KB/s
Up:310.0KB/s
Down:236.9KB/s
Up:250.9KB/s
Down:732.1KB/s
Up:988.6KB/s
Down:0.0KB/s
Up:253.1KB/s
Down:0.0KB/s
Up:141.9KB/s
Down:3.2MB/s
Up:2.3MB/s
Down:16.4MB/s
Up:3.6MB/s
Down:232.8KB/s
Up:594.3KB/s
Down:4.1MB/s
Up:3.2MB/s
Down:4.3MB/s
Up:10.2MB/s
Down:236.7KB/s
Up:287.7KB/s
Down:233.5KB/s
Up:387.3KB/s
Down:473.4KB/s
Up:263.7KB/s
Down:233.4KB/s
Up:247.2KB/s
Down:0.0KB/s
Up:279.2KB/s
Down:876.1KB/s
Up:2.5MB/s
Down:54.0MB/s
Up:5.7MB/s
Down:333.3MB/s
Up:285.8MB/s
Down:477.2MB/s
Up:21.4MB/s
Down:590.7KB/s
Up:501.3KB/s
Down:0.0KB/s
Up:195.2KB/s
Down:232.5KB/s
Up:169.7KB/s
Down:468.0KB/s
Up:553.9KB/s
Down:236.9KB/s
Up:255.9KB/s
Down:700.0KB/s
Up:530.3KB/s
Down:518.8MB/s
Up:44.8MB/s
Down:385.9MB/s
Up:76.8MB/s
Down:56.1MB/s
Up:32.8MB/s
Down:266.2MB/s
Up:17.4MB/s
Down:966.6MB/s
Up:44.7MB/s
Down:314.0MB/s
Up:26.4MB/s
Down:31.7MB/s
Up:16.6MB/s
Down:807.9MB/s
Up:77.6MB/s
Down:7.9MB/s
Up:16.8MB/s
Down:6.3MB/s
Up:7.9MB/s
Down:849.5KB/s
Up:509.5KB/s
Down:1.3MB/s
Up:1.3MB/s
Down:3.6MB/s
Up:4.1MB/s
Down:1.1MB/s
Up:2.8MB/s
Down:260.7KB/s
Up:243.0KB/s
Down:0.0KB/s
Up:193.8KB/s
Down:2.1MB/s
Up:939.4KB/s
Down:5.5MB/s
Up:4.6MB/s
Down:862.3KB/s
Up:2.7MB/s
Down:0.0KB/s
Up:988.1KB/s
Down:0.0KB/s
Up:793.6KB/s
Down:411.8KB/s
Up:1.6MB/s
Down:40.6MB/s
Up:12.8MB/s
Down:12.3MB/s
Up:5.4MB/s
Down:109.9MB/s
Up:32.7MB/s
Down:15.7MB/s
Up:13.4MB/s
Down:25.8MB/s
Up:6.4MB/s
Down:5.6MB/s
Up:3.0MB/s
Down:3.1MB/s
Up:1.8MB/s
Down:5.7MB/s
Up:2.3MB/s
Down:5.7MB/s
Up:2.1MB/s
Down:7.4MB/s
Up:1.6MB/s
Down:2.3MB/s
Up:3.3MB/s
Down:1.3MB/s
Up:602.6KB/s
Down:2.3MB/s
Up:631.9KB/s
Down:28.2MB/s
Up:22.2MB/s
Down:1.1GB/s
Up:39.3MB/s
Down:7.5MB/s
Up:6.5MB/s
Down:16.8MB/s
Up:18.9MB/s
Down:183.5MB/s
Up:22.2MB/s
Down:1.4MB/s
Up:7.7MB/s
Down:6.1MB/s
Up:8.9MB/s
Down:3.4MB/s
Up:2.4MB/s
Down:1.6MB/s
Up:2.7MB/s
Down:6.2MB/s
Up:2.2MB/s
Down:2.5MB/s
Up:546.1KB/s
Down:9.1MB/s
Up:650.6KB/s
Down:1.5MB/s
Up:2.6MB/s
Down:3.1MB/s
Up:1.3MB/s
Down:4.0MB/s
Up:1.3MB/s
Down:3.2MB/s
Up:477.6KB/s
Down:1.6MB/s
Up:1.6MB/s
Down:9.5MB/s
Up:10.1MB/s
Down:1.0MB/s
Up:2.4MB/s
Down:0.0KB/s
Up:700.4KB/s
Down:613.8KB/s
Up:718.8KB/s
Down:2.1MB/s
Up:1.1MB/s
Down:4.9MB/s
Up:667.9KB/s
Down:9.2MB/s
Up:1.1MB/s
Down:8.9MB/s
Up:2.3MB/s
Down:3.1MB/s
Up:1.3MB/s
Down:3.8MB/s
Up:1.4MB/s
Down:6.8MB/s
Up:2.6MB/s
Down:5.7MB/s
Up:2.2MB/s
Down:55.4MB/s
Up:7.5MB/s
Down:608.3MB/s
Up:60.6MB/s
Down:7.7MB/s
Up:2.1MB/s
Down:5.3MB/s
Up:2.8MB/s
Down:1.8MB/s
Up:2.2MB/s
Down:2.1MB/s
Up:1.0MB/s
Down:1.9MB/s
Up:1.4MB/s
Down:3.3MB/s
Up:997.9KB/s
Down:1.3MB/s
Up:697.5KB/s
Down:1.4MB/s
Up:2.0MB/s
Down:3.1MB/s
Up:2.2MB/s
Down:4.5MB/s
Up:1.4MB/s
Down:1.7MB/s
Up:290.7KB/s
Down:2.0MB/s
Up:1.4MB/s
Down:2.8MB/s
Up:350.6KB/s
Down:4.6MB/s
Up:2.0MB/s
Down:7.4MB/s
Up:7.9MB/s
Down:93.1MB/s
Up:31.3MB/s
Down:27.4MB/s
Up:16.5MB/s
Down:8.9MB/s
Up:8.1MB/s
Down:8.8MB/s
Up:5.7MB/s
Down:10.1MB/s
Up:1.9MB/s
Down:9.3MB/s
Up:4.3MB/s
Down:5.1MB/s
Up:1.8MB/s
Down:10.3MB/s
Up:3.1MB/s
Down:8.2MB/s
Up:7.0MB/s
Down:10.3MB/s
Up:17.4MB/s
Down:18.9MB/s
Up:4.2MB/s
Down:10.6MB/s
Up:12.5MB/s
Down:12.2MB/s
Up:16.0MB/s
Down:76.7MB/s
Up:21.2MB/s
Down:8.8MB/s
Up:7.8MB/s
Down:44.2MB/s
Up:10.4MB/s
Down:117.7MB/s
Up:29.4MB/s
Down:280.6MB/s
Up:21.9MB/s
Down:34.5MB/s
Up:4.5MB/s
Down:10.8MB/s
Up:2.7MB/s
Down:3.2MB/s
Up:2.0MB/s
Down:6.9MB/s
Up:1.8MB/s
Down:3.7MB/s
Up:1.6MB/s
Down:4.1MB/s
Up:1.5MB/s
Down:12.4MB/s
Up:1.9MB/s
Down:105.2MB/s
Up:18.4MB/s
Down:146.1MB/s
Up:14.8MB/s
Down:141.0MB/s
Up:11.1MB/s
Down:69.7MB/s
Up:4.0MB/s
Down:52.0MB/s
Up:2.8MB/s
Down:18.0MB/s
Up:18.1MB/s
Down:283.1MB/s
Up:35.5MB/s
Down:6.1MB/s
Up:1.3MB/s
Down:1.0MB/s
Up:1.2MB/s
Down:1.3MB/s
Up:2.2MB/s
Down:3.8MB/s
Up:989.9KB/s
Down:2.3MB/s
Up:2.0MB/s
Down:4.2MB/s
Up:2.7MB/s
Down:2.7GB/s
Up:43.1MB/s
Down:6.4GB/s
Up:57.6MB/s
Down:6.4GB/s
Up:56.7MB/s
Down:6.5GB/s
Up:60.7MB/s
Down:6.4GB/s
Up:65.5MB/s
Down:6.4GB/s
Up:54.7MB/s
Down:6.5GB/s
Up:73.9MB/s
Down:6.5GB/s
Up:57.0MB/s
Down:6.3GB/s
Up:56.1MB/s
Down:6.5GB/s
Up:58.0MB/s
Down:6.2GB/s
Up:54.6MB/s
Down:6.4GB/s
Up:56.8MB/s
Down:6.5GB/s
Up:55.8MB/s
Down:6.3GB/s
Up:55.3MB/s
Down:6.5GB/s
Up:55.6MB/s
Down:6.5GB/s
Up:57.3MB/s
Down:5.3GB/s
Up:61.3MB/s
Down:2.7GB/s
Up:23.1MB/s
Down:233.7KB/s
Up:329.4KB/s
Down:237.0KB/s
Up:823.9KB/s
Down:0.0KB/s
Up:933.4KB/s
Down:0.0KB/s
Up:817.7KB/s
Down:1.4MB/s
Up:1.4MB/s
Down:2.1MB/s
Up:2.9MB/s
Down:1.2MB/s
Up:1.1MB/s
Down:0.0KB/s
Up:401.9KB/s
Down:191.7KB/s
Up:131.8KB/s
Down:504.5KB/s
Up:453.3KB/s
Down:275.0KB/s
Up:406.9KB/s
Down:356.7KB/s
Up:408.7KB/s
Down:0.0KB/s
Up:58.9KB/s
Down:233.7KB/s
Up:292.9KB/s
Down:281.9KB/s
Up:667.4KB/s
Down:0.0KB/s
Up:235.1KB/s
Down:233.6KB/s
Up:112.4KB/s
Down:465.8KB/s
Up:282.0KB/s
Down:0.0KB/s
Up:0.0KB/s
Down:501.5KB/s
Up:765.1KB/s
Down:237.0KB/s
Up:330.0KB/s
Down:0.0KB/s
Up:462.7KB/s
Down:0.0KB/s
Up:630.7KB/s
Down:236.7KB/s
Up:1.1MB/s
Down:233.8KB/s
Up:536.6KB/s
Down:0.0KB/s
Up:603.7KB/s
Down:3.0MB/s
Up:2.8MB/s
Down:275.5KB/s
Up:470.2KB/s
Down:0.0KB/s
Up:0.0KB/s
Down:125.8KB/s
Up:354.5KB/s
Down:0.0KB/s
Up:215.9KB/s
Down:237.0KB/s
Up:173.0KB/s
Down:512.4KB/s
Up:341.6KB/s
Down:404.1KB/s
Up:527.2KB/s
Down:233.0KB/s
Up:112.1KB/s
Down:0.0KB/s
Up:611.6KB/s
Down:788.0KB/s
Up:1.0MB/s
Down:0.0KB/s
Up:176.1KB/s
Down:369.0KB/s
Up:1.1MB/s
Down:0.0KB/s
Up:781.9KB/s
Down:0.0KB/s
Up:59.0KB/s
Down:119.9KB/s
Up:354.6KB/s
Down:0.0KB/s
Up:298.9KB/s
Down:0.0KB/s
Up:117.1KB/s
Down:0.0KB/s
Up:0.0KB/s
Down:0.0KB/s
Up:297.8KB/s
Down:1.6MB/s
Up:2.0MB/s
Down:65.1KB/s
Up:117.4KB/s
Down:0.0KB/s
Up:0.0KB/s
Down:473.3KB/s
Up:520.3KB/s
Down:1.3MB/s
Up:1.3MB/s
Down:60.0KB/s
Up:629.5KB/s
Down:118.4KB/s
Up:504.0KB/s
Down:64.9KB/s
Up:552.9KB/s
Down:0.0KB/s
Up:137.8KB/s
Down:0.0KB/s
Up:117.2KB/s
Down:236.5KB/s
Up:195.6KB/s
Down:233.6KB/s
Up:170.5KB/s
Down:0.0KB/s
Up:0.0KB/s
Down:0.0KB/s
Up:176.0KB/s
Down:233.5KB/s
Up:112.3KB/s
Down:0.0KB/s
Up:119.0KB/s
Down:59.9KB/s
Up:165.8KB/s
Down:473.3KB/s
Up:226.7KB/s
Down:233.3KB/s
Up:53.2KB/s
Down:0.0KB/s
Up:548.9KB/s
Down:236.5KB/s
Up:53.9KB/s
Down:233.5KB/s
Up:292.7KB/s
Down:0.0KB/s
Up:0.0KB/s
Down:0.0KB/s
Up:118.8KB/s
Down:0.0KB/s
Up:222.8KB/s
Down:119.3KB/s
Up:568.5KB/s
Down:470.6KB/s
Up:414.0KB/s
Down:472.4KB/s
Up:442.5KB/s
Down:65.0KB/s
Up:482.6KB/s
Down:0.0KB/s
Up:179.0KB/s
Down:0.0KB/s
Up:63.1KB/s
Down:237.0KB/s
Up:173.0KB/s
Down:0.0KB/s
Up:64.0KB/s
Down:507.5KB/s
Up:770.2KB/s
Down:0.0KB/s
Up:0.0KB/s
Down:0.0KB/s
Up:118.9KB/s
Down:0.0KB/s
Up:212.9KB/s
Down:0.0KB/s
Up:329.8KB/s
Down:0.0KB/s
Up:275.7KB/s
Down:0.0KB/s
Up:334.3KB/s
Down:0.0KB/s
Up:59.2KB/s
Down:0.0KB/s
Up:119.0KB/s
Down:0.0KB/s
Up:182.8KB/s
Down:236.8KB/s
Up:177.9KB/s
Down:292.6KB/s
Up:223.7KB/s
Down:237.0KB/s
Up:54.0KB/s
Down:237.0KB/s
Up:173.0KB/s
Down:332.0KB/s
Up:422.0KB/s
Down:474.0KB/s
Up:605.0KB/s
Down:0.0KB/s
Up:60.0KB/s
Down:0.0KB/s
Up:178.7KB/s
Down:233.5KB/s
Up:116.2KB/s
Down:1.3MB/s
Up:532.4KB/s
Down:235.0KB/s
Up:113.0KB/s
Down:0.0KB/s
Up:181.7KB/s
Down:72.0MB/s
Up:24.0MB/s
